<?xml version="1.0" encoding="UTF-8"?>
<!-- Generated by org.testng.reporters.JUnitReportReporter -->
<testsuite hostname="LAPTOP-3BSBMPRO" failures="0" tests="1" name="Craigslist.TestCraigslistVerifyJan" time="9.761" errors="0" timestamp="2021-11-03T09:33:28 CDT" skipped="0">
  <testcase classname="Craigslist.TestCraigslistVerifyJan" name="test_Creaiglist_Verify_Max_Box_Is_Visible" time="9.761"/>
  <system-out/>
</testsuite> <!-- Craigslist.TestCraigslistVerifyJan -->
