<?xml version="1.0" encoding="UTF-8"?>
<!-- Generated by org.testng.reporters.JUnitReportReporter -->
<testsuite hostname="LAPTOP-3BSBMPRO" failures="0" tests="1" name="Amazon.Amazon_Verify_Max_Box_Test" time="6.222" errors="0" timestamp="2021-12-01T11:55:28 CST" skipped="0">
  <testcase classname="Amazon.Amazon_Verify_Max_Box_Test" name="test_Amazon_Verify_Max_Box_Is_Visible" time="6.222"/>
  <system-out/>
</testsuite> <!-- Amazon.Amazon_Verify_Max_Box_Test -->
