<?xml version="1.0" encoding="UTF-8"?>
<!-- Generated by org.testng.reporters.JUnitReportReporter -->
<testsuite hostname="LAPTOP-3BSBMPRO" failures="0" tests="1" name="Google.Test_Google" time="13.232" errors="0" timestamp="2021-12-01T11:31:32 CST" skipped="0">
  <testcase classname="Google.Test_Google" name="test_Google_Is_Visible" time="13.232"/>
  <system-out/>
</testsuite> <!-- Google.Test_Google -->
