<?xml version="1.0" encoding="UTF-8"?>
<!-- Generated by org.testng.reporters.JUnitReportReporter -->
<testsuite hostname="LAPTOP-3BSBMPRO" failures="0" tests="1" name="tests.Amazon_Verify_Min_Box_Test" time="6.188" errors="0" timestamp="2021-11-01T22:54:04 CDT" skipped="0">
  <testcase classname="tests.Amazon_Verify_Min_Box_Test" name="test_Amazon_Verify_Min_Box_Is_Visible" time="6.188"/>
  <system-out/>
</testsuite> <!-- tests.Amazon_Verify_Min_Box_Test -->
