<?xml version="1.0" encoding="UTF-8"?>
<!-- Generated by org.testng.reporters.JUnitReportReporter -->
<testsuite hostname="LAPTOP-3BSBMPRO" failures="0" tests="1" name="Amazon.Amazon_Verify_Min_Box_Test" time="3.189" errors="0" timestamp="2021-12-01T11:31:32 CST" skipped="0">
  <testcase classname="Amazon.Amazon_Verify_Min_Box_Test" name="test_Amazon_Verify_Min_Box_Is_Visible" time="3.189"/>
  <system-out/>
</testsuite> <!-- Amazon.Amazon_Verify_Min_Box_Test -->
