<?xml version="1.0" encoding="UTF-8"?>
<!-- Generated by org.testng.reporters.JUnitReportReporter -->
<testsuite hostname="LAPTOP-3BSBMPRO" failures="0" tests="1" name="Craigslist.TestCraigslistMaxVerify" time="3.328" errors="0" timestamp="2021-12-01T11:31:32 CST" skipped="0">
  <testcase classname="Craigslist.TestCraigslistMaxVerify" name="test_Creaiglist_Verify_Max_Box_Is_Visible" time="3.328"/>
  <system-out/>
</testsuite> <!-- Craigslist.TestCraigslistMaxVerify -->
