<?xml version="1.0" encoding="UTF-8"?>
<!-- Generated by org.testng.reporters.JUnitReportReporter -->
<testsuite hostname="LAPTOP-3BSBMPRO" failures="0" tests="1" name="Craigslist.TestCraigslistAptAndHousingLinkJanu" time="4.664" errors="0" timestamp="2021-11-03T09:48:17 CDT" skipped="0">
  <testcase classname="Craigslist.TestCraigslistAptAndHousingLinkJanu" name="test_Creaiglist_Verify_Min_Box_Is_Visible" time="4.664"/>
  <system-out/>
</testsuite> <!-- Craigslist.TestCraigslistAptAndHousingLinkJanu -->
