<?xml version="1.0" encoding="UTF-8"?>
<!-- Generated by org.testng.reporters.JUnitReportReporter -->
<testsuite hostname="LAPTOP-3BSBMPRO" failures="0" tests="1" name="Craigslist.TestCraigslistAccountingAndFinanaceLinkJan" time="6.400" errors="0" timestamp="2021-11-03T09:13:01 CDT" skipped="0">
  <testcase classname="Craigslist.TestCraigslistAccountingAndFinanaceLinkJan" name="test_Creaiglist_Verify_Box_Is_Visible" time="6.400"/>
  <system-out/>
</testsuite> <!-- Craigslist.TestCraigslistAccountingAndFinanaceLinkJan -->
