<?xml version="1.0" encoding="UTF-8"?>
<!-- Generated by org.testng.reporters.JUnitReportReporter -->
<testsuite hostname="LAPTOP-3BSBMPRO" failures="0" tests="2" name="tests.Amazon_Verify_Go_Button_Test" time="6.976" errors="0" timestamp="2021-11-01T22:54:04 CDT" skipped="0">
  <testcase classname="tests.Amazon_Verify_Go_Button_Test" name="test_Amazon_Verify_Go_Button_Is_Visible" time="3.328"/>
  <system-out/>
  <testcase classname="tests.Amazon_Verify_Go_Button_Test" name="test_Amazon_Verify_Go_Button_Is_Enabled" time="3.648"/>
  <system-out/>
</testsuite> <!-- tests.Amazon_Verify_Go_Button_Test -->
