<?xml version="1.0" encoding="UTF-8"?>
<!-- Generated by org.testng.reporters.JUnitReportReporter -->
<testsuite hostname="LAPTOP-3BSBMPRO" failures="0" tests="2" name="Amazon.Amazon_Verify_Go_Button_Test" time="27.291" errors="0" timestamp="2021-12-01T11:31:32 CST" skipped="0">
  <testcase classname="Amazon.Amazon_Verify_Go_Button_Test" name="test_Amazon_Verify_Go_Button_Is_Visible" time="18.812"/>
  <system-out/>
  <testcase classname="Amazon.Amazon_Verify_Go_Button_Test" name="test_Amazon_Verify_Go_Button_Is_Enabled" time="8.479"/>
  <system-out/>
</testsuite> <!-- Amazon.Amazon_Verify_Go_Button_Test -->
